Dataset is copied to /tmp
Start Training
[1,    10] loss: 16.249
[1,    20] loss: 6.812
[1,    30] loss: 6.769
[1,    40] loss: 6.748
[1,    50] loss: 6.744
[1,    60] loss: 6.747
[1,    70] loss: 6.745
[1,    80] loss: 6.741
[1,    90] loss: 6.724
[1,   100] loss: 6.745
[2,    10] loss: 6.727
[2,    20] loss: 6.725
[2,    30] loss: 6.734
[2,    40] loss: 6.740
[2,    50] loss: 6.741
[2,    60] loss: 6.737
[2,    70] loss: 6.733
[2,    80] loss: 6.715
[2,    90] loss: 6.729
[2,   100] loss: 6.716
[3,    10] loss: 6.688
[3,    20] loss: 6.698
[3,    30] loss: 6.710
[3,    40] loss: 6.713
[3,    50] loss: 6.712
[3,    60] loss: 6.702
[3,    70] loss: 6.701
[3,    80] loss: 6.712
[3,    90] loss: 6.695
[3,   100] loss: 6.694
[4,    10] loss: 6.644
[4,    20] loss: 6.663
[4,    30] loss: 6.660
[4,    40] loss: 6.683
[4,    50] loss: 6.685
[4,    60] loss: 6.682
[4,    70] loss: 6.694
[4,    80] loss: 6.682
[4,    90] loss: 6.665
[4,   100] loss: 6.673
[5,    10] loss: 6.611
[5,    20] loss: 6.631
[5,    30] loss: 6.657
[5,    40] loss: 6.649
[5,    50] loss: 6.631
[5,    60] loss: 6.642
[5,    70] loss: 6.627
[5,    80] loss: 6.633
[5,    90] loss: 6.627
[5,   100] loss: 6.616
[6,    10] loss: 6.590
[6,    20] loss: 6.605
[6,    30] loss: 6.623
[6,    40] loss: 6.619
[6,    50] loss: 6.622
[6,    60] loss: 6.619
[6,    70] loss: 6.614
[6,    80] loss: 6.601
[6,    90] loss: 6.617
[6,   100] loss: 6.612
[7,    10] loss: 6.582
[7,    20] loss: 6.604
[7,    30] loss: 6.610
[7,    40] loss: 6.626
[7,    50] loss: 6.616
[7,    60] loss: 6.581
[7,    70] loss: 6.606
[7,    80] loss: 6.604
[7,    90] loss: 6.601
[7,   100] loss: 6.603
[8,    10] loss: 6.550
[8,    20] loss: 6.578
[8,    30] loss: 6.589
[8,    40] loss: 6.600
[8,    50] loss: 6.611
[8,    60] loss: 6.609
[8,    70] loss: 6.584
[8,    80] loss: 6.602
[8,    90] loss: 6.600
[8,   100] loss: 6.601
[9,    10] loss: 6.568
[9,    20] loss: 6.571
[9,    30] loss: 6.598
[9,    40] loss: 6.595
[9,    50] loss: 6.575
[9,    60] loss: 6.585
[9,    70] loss: 6.588
[9,    80] loss: 6.569
[9,    90] loss: 6.586
[9,   100] loss: 6.595
[10,    10] loss: 6.539
[10,    20] loss: 6.558
[10,    30] loss: 6.571
[10,    40] loss: 6.581
[10,    50] loss: 6.572
[10,    60] loss: 6.599
[10,    70] loss: 6.609
[10,    80] loss: 6.557
[10,    90] loss: 6.595
[10,   100] loss: 6.611
Finished Training
Saved checkpoint to /scratch/yz7413/checkpoints/demo/net_demo.pth
Team 1: your_team_name Accuracy: 0.28%
Team 1: your_team_name Email: team_leader_nyu_email_address@nyu.edu
